<?xml version="1.0" encoding="UTF-8"?>
<!-- Generated by org.testng.reporters.JUnitReportReporter -->
<testsuite skipped="0" hostname="DESKTOP-C6UK91Q" name="prim.testNG.NodeTest" tests="6" failures="0" timestamp="12 Dec 2017 23:02:51 GMT" time="0.007" errors="0">
  <testcase name="testNodeStringPathArray" time="0.001" classname="prim.testNG.NodeTest"/>
  <testcase name="testGetPaths" time="0.001" classname="prim.testNG.NodeTest"/>
  <testcase name="testNodeString" time="0.002" classname="prim.testNG.NodeTest"/>
  <testcase name="testGetName" time="0.001" classname="prim.testNG.NodeTest"/>
  <testcase name="testAddPathWithoutSource" time="0.001" classname="prim.testNG.NodeTest"/>
  <testcase name="testEqualsObject" time="0.001" classname="prim.testNG.NodeTest"/>
</testsuite> <!-- prim.testNG.NodeTest -->
