<?xml version="1.0" encoding="UTF-8"?>
<!-- Generated by org.testng.reporters.JUnitReportReporter -->
<testsuite skipped="0" hostname="DESKTOP-C6UK91Q" name="prim.testNG.NodeNetFactoryTest" tests="1" failures="0" timestamp="12 Dec 2017 23:02:51 GMT" time="0.008" errors="0">
  <testcase name="testBuildNetwork" time="0.008" classname="prim.testNG.NodeNetFactoryTest"/>
</testsuite> <!-- prim.testNG.NodeNetFactoryTest -->
