<?xml version="1.0" encoding="UTF-8"?>
<!-- Generated by org.testng.reporters.JUnitReportReporter -->
<testsuite skipped="0" hostname="DESKTOP-C6UK91Q" name="prim.testNG.PrimTest" tests="3" failures="0" timestamp="12 Dec 2017 23:09:12 GMT" time="0.051" errors="0">
  <testcase name="testFindWholeCaravaneWithPrim" time="0.030" classname="prim.testNG.PrimTest"/>
  <testcase name="testPrim" time="0.012" classname="prim.testNG.PrimTest"/>
  <testcase name="testPrintWholeCaravaneWithPrim" time="0.009" classname="prim.testNG.PrimTest"/>
</testsuite> <!-- prim.testNG.PrimTest -->
