<?xml version="1.0" encoding="UTF-8"?>
<!-- Generated by org.testng.reporters.JUnitReportReporter -->
<testsuite skipped="0" hostname="DESKTOP-C6UK91Q" name="prim.testNG.PathTest" tests="4" failures="0" timestamp="12 Dec 2017 23:02:51 GMT" time="0.007" errors="0">
  <testcase name="testEqualsObject" time="0.001" classname="prim.testNG.PathTest"/>
  <testcase name="testGetWeight" time="0.003" classname="prim.testNG.PathTest"/>
  <testcase name="testPathIntNode" time="0.001" classname="prim.testNG.PathTest"/>
  <testcase name="testSetSrcNode" time="0.002" classname="prim.testNG.PathTest"/>
</testsuite> <!-- prim.testNG.PathTest -->
