<?xml version="1.0" encoding="UTF-8"?>
<!-- Generated by org.testng.reporters.JUnitReportReporter -->
<testsuite skipped="0" hostname="DESKTOP-C6UK91Q" name="prim.testNG.NodeNetworkTest" tests="6" failures="0" timestamp="12 Dec 2017 23:02:51 GMT" time="0.014" errors="0">
  <testcase name="testAddNode" time="0.005" classname="prim.testNG.NodeNetworkTest"/>
  <testcase name="testGetNodes" time="0.002" classname="prim.testNG.NodeNetworkTest"/>
  <testcase name="testToString" time="0.001" classname="prim.testNG.NodeNetworkTest"/>
  <testcase name="testNodeNetwork" time="0.003" classname="prim.testNG.NodeNetworkTest"/>
  <testcase name="testNodeNetworkListOfNode" time="0.001" classname="prim.testNG.NodeNetworkTest"/>
  <testcase name="testNodeNetworkNodeArray" time="0.002" classname="prim.testNG.NodeNetworkTest"/>
</testsuite> <!-- prim.testNG.NodeNetworkTest -->
